#
# There is insufficient memory for the Java Runtime Environment to continue.
# Native memory allocation (malloc) failed to allocate 134736 bytes. Error detail: Chunk::new
# Possible reasons:
#   The system is out of physical RAM or swap space
#   This process is running with CompressedOops enabled, and the Java Heap may be blocking the growth of the native heap
# Possible solutions:
#   Reduce memory load on the system
#   Increase physical memory or swap space
#   Check if swap backing store is full
#   Decrease Java heap size (-Xmx/-Xms)
#   Decrease number of Java threads
#   Decrease Java thread stack sizes (-Xss)
#   Set larger code cache with -XX:ReservedCodeCacheSize=
#   JVM is running with Zero Based Compressed Oops mode in which the Java heap is
#     placed in the first 32GB address space. The Java Heap base address is the
#     maximum limit for the native heap growth. Please use -XX:HeapBaseMinAddress
#     to set the Java Heap base and to place the Java Heap above 32GB virtual address.
# This output file may be truncated or incomplete.
#
#  Out of Memory Error (arena.cpp:149), pid=34212, tid=41560
#
# JRE version: Java(TM) SE Runtime Environment (23.0.2+7) (build 23.0.2+7-58)
# Java VM: Java HotSpot(TM) 64-Bit Server VM (23.0.2+7-58, mixed mode, sharing, tiered, compressed oops, compressed class ptrs, g1 gc, windows-amd64)
# No core dump will be written. Minidumps are not enabled by default on client versions of Windows
#

---------------  S U M M A R Y ------------

Command Line: --enable-preview -XX:+ShowCodeDetailsInExceptionMessages Dinosaur_test.MusicPlayer

Host: 12th Gen Intel(R) Core(TM) i9-12900H, 20 cores, 15G,  Windows 11 , 64 bit Build 26100 (10.0.26100.3037)
Time: Tue Feb 18 23:42:41 2025  Windows 11 , 64 bit Build 26100 (10.0.26100.3037) elapsed time: 175.397904 seconds (0d 0h 2m 55s)

---------------  T H R E A D  ---------------

Current thread (0x0000025cf50268e0):  JavaThread "C2 CompilerThread0" daemon [_thread_in_native, id=41560, stack(0x000000bc47500000,0x000000bc47600000) (1024K)]


Current CompileTask:
C2:175398 1202       4       java.lang.StringBuilder::toString (20 bytes)

Stack: [0x000000bc47500000,0x000000bc47600000]
Native frames: (J=compiled Java code, j=interpreted, Vv=VM code, C=native code)
V  [jvm.dll+0x6e0b99]  (no source info available)
V  [jvm.dll+0x87e2b3]  (no source info available)
V  [jvm.dll+0x88073e]  (no source info available)
V  [jvm.dll+0x880e13]  (no source info available)
V  [jvm.dll+0x27b006]  (no source info available)
V  [jvm.dll+0xbc06f]  (no source info available)
V  [jvm.dll+0xbc2cb]  (no source info available)
V  [jvm.dll+0x3b3c22]  (no source info available)
V  [jvm.dll+0x38a55b]  (no source info available)
V  [jvm.dll+0x3899ca]  (no source info available)
V  [jvm.dll+0x244ba1]  (no source info available)
V  [jvm.dll+0x243eff]  (no source info available)
V  [jvm.dll+0x1c34b0]  (no source info available)
V  [jvm.dll+0x253df1]  (no source info available)
V  [jvm.dll+0x2520aa]  (no source info available)
V  [jvm.dll+0x3ee226]  (no source info available)
V  [jvm.dll+0x8254cb]  (no source info available)
V  [jvm.dll+0x6df345]  (no source info available)
C  [ucrtbase.dll+0x37b0]  (no source info available)
C  [KERNEL32.DLL+0x2e8d7]  (no source info available)
C  [ntdll.dll+0xbbf2c]  (no source info available)

Lock stack of current Java thread (top to bottom):


---------------  P R O C E S S  ---------------

Threads class SMR info:
_java_thread_list=0x0000025cfbf2e520, length=13, elements={
0x0000025cf501e650, 0x0000025cf50211c0, 0x0000025cf5023c30, 0x0000025cf5024690,
0x0000025cf50250f0, 0x0000025cf5025b50, 0x0000025cf50268e0, 0x0000025cf502b4e0,
0x0000025cf520e650, 0x0000025cf5217ff0, 0x0000025cf5221aa0, 0x0000025c93a0f200,
0x0000025cf52c82f0
}

Java Threads: ( => current thread )
  0x0000025cf501e650 JavaThread "Reference Handler"          daemon [_thread_blocked, id=45960, stack(0x000000bc46f00000,0x000000bc47000000) (1024K)]
  0x0000025cf50211c0 JavaThread "Finalizer"                  daemon [_thread_blocked, id=42468, stack(0x000000bc47000000,0x000000bc47100000) (1024K)]
  0x0000025cf5023c30 JavaThread "Signal Dispatcher"          daemon [_thread_blocked, id=42184, stack(0x000000bc47100000,0x000000bc47200000) (1024K)]
  0x0000025cf5024690 JavaThread "Attach Listener"            daemon [_thread_blocked, id=46352, stack(0x000000bc47200000,0x000000bc47300000) (1024K)]
  0x0000025cf50250f0 JavaThread "Service Thread"             daemon [_thread_blocked, id=46172, stack(0x000000bc47300000,0x000000bc47400000) (1024K)]
  0x0000025cf5025b50 JavaThread "Monitor Deflation Thread"   daemon [_thread_blocked, id=38588, stack(0x000000bc47400000,0x000000bc47500000) (1024K)]
=>0x0000025cf50268e0 JavaThread "C2 CompilerThread0"         daemon [_thread_in_native, id=41560, stack(0x000000bc47500000,0x000000bc47600000) (1024K)]
  0x0000025cf502b4e0 JavaThread "C1 CompilerThread0"         daemon [_thread_blocked, id=46588, stack(0x000000bc47600000,0x000000bc47700000) (1024K)]
  0x0000025cf520e650 JavaThread "Notification Thread"        daemon [_thread_blocked, id=45792, stack(0x000000bc47a00000,0x000000bc47b00000) (1024K)]
  0x0000025cf5217ff0 JavaThread "Common-Cleaner"             daemon [_thread_blocked, id=40140, stack(0x000000bc47b00000,0x000000bc47c00000) (1024K)]
  0x0000025cf5221aa0 JavaThread "Thread-0"                          [_thread_in_native, id=40576, stack(0x000000bc47c00000,0x000000bc47d00000) (1024K)]
  0x0000025c93a0f200 JavaThread "DestroyJavaVM"                     [_thread_blocked, id=46940, stack(0x000000bc46700000,0x000000bc46800000) (1024K)]
  0x0000025cf52c82f0 JavaThread "Java Sound Event Dispatcher" daemon [_thread_blocked, id=46764, stack(0x000000bc47f00000,0x000000bc48000000) (1024K)]
Total: 13

Other Threads:
  0x0000025cf5005660 VMThread "VM Thread"                           [id=38980, stack(0x000000bc46e00000,0x000000bc46f00000) (1024K)]
  0x0000025cb3b7bac0 WatcherThread "VM Periodic Task Thread"        [id=39920, stack(0x000000bc46d00000,0x000000bc46e00000) (1024K)]
  0x0000025c93a72090 WorkerThread "GC Thread#0"                     [id=42956, stack(0x000000bc46800000,0x000000bc46900000) (1024K)]
  0x0000025cfbe07880 WorkerThread "GC Thread#1"                     [id=40064, stack(0x000000bc48300000,0x000000bc48400000) (1024K)]
  0x0000025cfe4e78a0 WorkerThread "GC Thread#2"                     [id=31688, stack(0x000000bc48400000,0x000000bc48500000) (1024K)]
  0x0000025cfe4e7c50 WorkerThread "GC Thread#3"                     [id=34160, stack(0x000000bc48500000,0x000000bc48600000) (1024K)]
  0x0000025cfe4e8410 WorkerThread "GC Thread#4"                     [id=43484, stack(0x000000bc48600000,0x000000bc48700000) (1024K)]
  0x0000025cfe4e87c0 WorkerThread "GC Thread#5"                     [id=13112, stack(0x000000bc48700000,0x000000bc48800000) (1024K)]
  0x0000025c93a86b90 ConcurrentGCThread "G1 Main Marker"            [id=46516, stack(0x000000bc46900000,0x000000bc46a00000) (1024K)]
  0x0000025c93a876a0 WorkerThread "G1 Conc#0"                       [id=36488, stack(0x000000bc46a00000,0x000000bc46b00000) (1024K)]
  0x0000025cb3a3e9c0 ConcurrentGCThread "G1 Refine#0"               [id=10440, stack(0x000000bc46b00000,0x000000bc46c00000) (1024K)]
  0x0000025cb3a403f0 ConcurrentGCThread "G1 Service"                [id=42664, stack(0x000000bc46c00000,0x000000bc46d00000) (1024K)]
Total: 12

Threads with active compile tasks:
C2 CompilerThread0  175450 1202       4       java.lang.StringBuilder::toString (20 bytes)
Total: 1

VM state: not at safepoint (normal execution)

VM Mutex/Monitor currently owned by a thread: None

Heap address: 0x0000000704400000, size: 4028 MB, Compressed Oops mode: Zero based, Oop shift amount: 3

CDS archive(s) mapped at: [0x0000025cb4000000-0x0000025cb4d70000-0x0000025cb4d70000), size 14090240, SharedBaseAddress: 0x0000025cb4000000, ArchiveRelocationMode: 1.
Compressed class space mapped at: 0x0000025cb5000000-0x0000025cf5000000, reserved size: 1073741824
Narrow klass base: 0x0000025cb4000000, Narrow klass shift: 0, Narrow klass range: 0x41000000

GC Precious Log:
 CardTable entry size: 512
 Card Set container configuration: InlinePtr #cards 4 size 8 Array Of Cards #cards 16 size 48 Howl #buckets 8 coarsen threshold 3686 Howl Bitmap #cards 512 size 80 coarsen threshold 460 Card regions per heap region 1 cards per card region 4096
 CPUs: 20 total, 20 available
 Memory: 16108M
 Large Page Support: Disabled
 NUMA Support: Disabled
 Compressed Oops: Enabled (Zero based)
 Heap Region Size: 2M
 Heap Min Capacity: 8M
 Heap Initial Capacity: 252M
 Heap Max Capacity: 4028M
 Pre-touch: Disabled
 Parallel Workers: 15
 Concurrent Workers: 4
 Concurrent Refinement Workers: 15
 Periodic GC: Disabled

Heap:
 garbage-first heap   total reserved 4124672K, committed 258048K, used 169631K [0x0000000704400000, 0x0000000800000000)
  region size 2048K, 75 young (153600K), 6 survivors (12288K)
 Metaspace       used 1648K, committed 1856K, reserved 1114112K
  class space    used 110K, committed 192K, reserved 1048576K

Heap Regions: E=young(eden), S=young(survivor), O=old, HS=humongous(starts), HC=humongous(continues), CS=collection set, F=free, TAMS=top-at-mark-start, PB=parsable bottom
|   0|0x0000000704400000, 0x0000000704600000, 0x0000000704600000|100%| O|  |TAMS 0x0000000704400000| PB 0x0000000704400000| Untracked |  0
|   1|0x0000000704600000, 0x0000000704800000, 0x0000000704800000|100%| O|  |TAMS 0x0000000704600000| PB 0x0000000704600000| Untracked |  0
|   2|0x0000000704800000, 0x0000000704a00000, 0x0000000704a00000|100%| O|  |TAMS 0x0000000704800000| PB 0x0000000704800000| Untracked |  0
|   3|0x0000000704a00000, 0x0000000704c00000, 0x0000000704c00000|100%| O|  |TAMS 0x0000000704a00000| PB 0x0000000704a00000| Untracked |  0
|   4|0x0000000704c00000, 0x0000000704e00000, 0x0000000704e00000|100%| O|  |TAMS 0x0000000704c00000| PB 0x0000000704c00000| Untracked |  0
|   5|0x0000000704e00000, 0x0000000705000000, 0x0000000705000000|100%| O|  |TAMS 0x0000000704e00000| PB 0x0000000704e00000| Untracked |  0
|   6|0x0000000705000000, 0x0000000705200000, 0x0000000705200000|100%| O|  |TAMS 0x0000000705000000| PB 0x0000000705000000| Untracked |  0
|   7|0x0000000705200000, 0x0000000705400000, 0x0000000705400000|100%| O|  |TAMS 0x0000000705200000| PB 0x0000000705200000| Untracked |  0
|   8|0x0000000705400000, 0x00000007055d3640, 0x0000000705600000| 91%| O|  |TAMS 0x0000000705400000| PB 0x0000000705400000| Untracked |  0
|   9|0x0000000705600000, 0x0000000705600000, 0x0000000705800000|  0%| F|  |TAMS 0x0000000705600000| PB 0x0000000705600000| Untracked |  0
|  10|0x0000000705800000, 0x0000000705800000, 0x0000000705a00000|  0%| F|  |TAMS 0x0000000705800000| PB 0x0000000705800000| Untracked |  0
|  11|0x0000000705a00000, 0x0000000705a00000, 0x0000000705c00000|  0%| F|  |TAMS 0x0000000705a00000| PB 0x0000000705a00000| Untracked |  0
|  12|0x0000000705c00000, 0x0000000705c00000, 0x0000000705e00000|  0%| F|  |TAMS 0x0000000705c00000| PB 0x0000000705c00000| Untracked |  0
|  13|0x0000000705e00000, 0x0000000705e00000, 0x0000000706000000|  0%| F|  |TAMS 0x0000000705e00000| PB 0x0000000705e00000| Untracked |  0
|  14|0x0000000706000000, 0x0000000706000000, 0x0000000706200000|  0%| F|  |TAMS 0x0000000706000000| PB 0x0000000706000000| Untracked |  0
|  15|0x0000000706200000, 0x0000000706200000, 0x0000000706400000|  0%| F|  |TAMS 0x0000000706200000| PB 0x0000000706200000| Untracked |  0
|  16|0x0000000706400000, 0x0000000706400000, 0x0000000706600000|  0%| F|  |TAMS 0x0000000706400000| PB 0x0000000706400000| Untracked |  0
|  17|0x0000000706600000, 0x0000000706600000, 0x0000000706800000|  0%| F|  |TAMS 0x0000000706600000| PB 0x0000000706600000| Untracked |  0
|  18|0x0000000706800000, 0x0000000706800000, 0x0000000706a00000|  0%| F|  |TAMS 0x0000000706800000| PB 0x0000000706800000| Untracked |  0
|  19|0x0000000706a00000, 0x0000000706a00000, 0x0000000706c00000|  0%| F|  |TAMS 0x0000000706a00000| PB 0x0000000706a00000| Untracked |  0
|  20|0x0000000706c00000, 0x0000000706c00000, 0x0000000706e00000|  0%| F|  |TAMS 0x0000000706c00000| PB 0x0000000706c00000| Untracked |  0
|  21|0x0000000706e00000, 0x0000000706e00000, 0x0000000707000000|  0%| F|  |TAMS 0x0000000706e00000| PB 0x0000000706e00000| Untracked |  0
|  22|0x0000000707000000, 0x0000000707000000, 0x0000000707200000|  0%| F|  |TAMS 0x0000000707000000| PB 0x0000000707000000| Untracked |  0
|  23|0x0000000707200000, 0x0000000707200000, 0x0000000707400000|  0%| F|  |TAMS 0x0000000707200000| PB 0x0000000707200000| Untracked |  0
|  24|0x0000000707400000, 0x0000000707400000, 0x0000000707600000|  0%| F|  |TAMS 0x0000000707400000| PB 0x0000000707400000| Untracked |  0
|  25|0x0000000707600000, 0x0000000707600000, 0x0000000707800000|  0%| F|  |TAMS 0x0000000707600000| PB 0x0000000707600000| Untracked |  0
|  26|0x0000000707800000, 0x0000000707800000, 0x0000000707a00000|  0%| F|  |TAMS 0x0000000707800000| PB 0x0000000707800000| Untracked |  0
|  27|0x0000000707a00000, 0x0000000707a00000, 0x0000000707c00000|  0%| F|  |TAMS 0x0000000707a00000| PB 0x0000000707a00000| Untracked |  0
|  28|0x0000000707c00000, 0x0000000707c00000, 0x0000000707e00000|  0%| F|  |TAMS 0x0000000707c00000| PB 0x0000000707c00000| Untracked |  0
|  29|0x0000000707e00000, 0x0000000707e00000, 0x0000000708000000|  0%| F|  |TAMS 0x0000000707e00000| PB 0x0000000707e00000| Untracked |  0
|  30|0x0000000708000000, 0x0000000708000000, 0x0000000708200000|  0%| F|  |TAMS 0x0000000708000000| PB 0x0000000708000000| Untracked |  0
|  31|0x0000000708200000, 0x0000000708200000, 0x0000000708400000|  0%| F|  |TAMS 0x0000000708200000| PB 0x0000000708200000| Untracked |  0
|  32|0x0000000708400000, 0x0000000708400000, 0x0000000708600000|  0%| F|  |TAMS 0x0000000708400000| PB 0x0000000708400000| Untracked |  0
|  33|0x0000000708600000, 0x0000000708600000, 0x0000000708800000|  0%| F|  |TAMS 0x0000000708600000| PB 0x0000000708600000| Untracked |  0
|  34|0x0000000708800000, 0x0000000708800000, 0x0000000708a00000|  0%| F|  |TAMS 0x0000000708800000| PB 0x0000000708800000| Untracked |  0
|  35|0x0000000708a00000, 0x0000000708a00000, 0x0000000708c00000|  0%| F|  |TAMS 0x0000000708a00000| PB 0x0000000708a00000| Untracked |  0
|  36|0x0000000708c00000, 0x0000000708c00000, 0x0000000708e00000|  0%| F|  |TAMS 0x0000000708c00000| PB 0x0000000708c00000| Untracked |  0
|  37|0x0000000708e00000, 0x0000000708e00000, 0x0000000709000000|  0%| F|  |TAMS 0x0000000708e00000| PB 0x0000000708e00000| Untracked |  0
|  38|0x0000000709000000, 0x0000000709000000, 0x0000000709200000|  0%| F|  |TAMS 0x0000000709000000| PB 0x0000000709000000| Untracked |  0
|  39|0x0000000709200000, 0x0000000709200000, 0x0000000709400000|  0%| F|  |TAMS 0x0000000709200000| PB 0x0000000709200000| Untracked |  0
|  40|0x0000000709400000, 0x0000000709400000, 0x0000000709600000|  0%| F|  |TAMS 0x0000000709400000| PB 0x0000000709400000| Untracked |  0
|  41|0x0000000709600000, 0x0000000709600000, 0x0000000709800000|  0%| F|  |TAMS 0x0000000709600000| PB 0x0000000709600000| Untracked |  0
|  42|0x0000000709800000, 0x0000000709800000, 0x0000000709a00000|  0%| F|  |TAMS 0x0000000709800000| PB 0x0000000709800000| Untracked |  0
|  43|0x0000000709a00000, 0x0000000709a00000, 0x0000000709c00000|  0%| F|  |TAMS 0x0000000709a00000| PB 0x0000000709a00000| Untracked |  0
|  44|0x0000000709c00000, 0x0000000709c00000, 0x0000000709e00000|  0%| F|  |TAMS 0x0000000709c00000| PB 0x0000000709c00000| Untracked |  0
|  45|0x0000000709e00000, 0x0000000709e00000, 0x000000070a000000|  0%| F|  |TAMS 0x0000000709e00000| PB 0x0000000709e00000| Untracked |  0
|  46|0x000000070a000000, 0x000000070a1d4610, 0x000000070a200000| 91%| S|CS|TAMS 0x000000070a000000| PB 0x000000070a000000| Complete |  0
|  47|0x000000070a200000, 0x000000070a400000, 0x000000070a400000|100%| S|CS|TAMS 0x000000070a200000| PB 0x000000070a200000| Complete |  0
|  48|0x000000070a400000, 0x000000070a600000, 0x000000070a600000|100%| S|CS|TAMS 0x000000070a400000| PB 0x000000070a400000| Complete |  0
|  49|0x000000070a600000, 0x000000070a800000, 0x000000070a800000|100%| S|CS|TAMS 0x000000070a600000| PB 0x000000070a600000| Complete |  0
|  50|0x000000070a800000, 0x000000070a800000, 0x000000070aa00000|  0%| F|  |TAMS 0x000000070a800000| PB 0x000000070a800000| Untracked |  0
|  51|0x000000070aa00000, 0x000000070aa00000, 0x000000070ac00000|  0%| F|  |TAMS 0x000000070aa00000| PB 0x000000070aa00000| Untracked |  0
|  52|0x000000070ac00000, 0x000000070ac00000, 0x000000070ae00000|  0%| F|  |TAMS 0x000000070ac00000| PB 0x000000070ac00000| Untracked |  0
|  53|0x000000070ae00000, 0x000000070ae00000, 0x000000070b000000|  0%| F|  |TAMS 0x000000070ae00000| PB 0x000000070ae00000| Untracked |  0
|  54|0x000000070b000000, 0x000000070b200000, 0x000000070b200000|100%| S|CS|TAMS 0x000000070b000000| PB 0x000000070b000000| Complete |  0
|  55|0x000000070b200000, 0x000000070b200000, 0x000000070b400000|  0%| F|  |TAMS 0x000000070b200000| PB 0x000000070b200000| Untracked |  0
|  56|0x000000070b400000, 0x000000070b500000, 0x000000070b600000| 50%| E|  |TAMS 0x000000070b400000| PB 0x000000070b400000| Complete |  0
|  57|0x000000070b600000, 0x000000070b800000, 0x000000070b800000|100%| S|CS|TAMS 0x000000070b600000| PB 0x000000070b600000| Complete |  0
|  58|0x000000070b800000, 0x000000070ba00000, 0x000000070ba00000|100%| E|CS|TAMS 0x000000070b800000| PB 0x000000070b800000| Complete |  0
|  59|0x000000070ba00000, 0x000000070bc00000, 0x000000070bc00000|100%| E|CS|TAMS 0x000000070ba00000| PB 0x000000070ba00000| Complete |  0
|  60|0x000000070bc00000, 0x000000070be00000, 0x000000070be00000|100%| E|CS|TAMS 0x000000070bc00000| PB 0x000000070bc00000| Complete |  0
|  61|0x000000070be00000, 0x000000070c000000, 0x000000070c000000|100%| E|CS|TAMS 0x000000070be00000| PB 0x000000070be00000| Complete |  0
|  62|0x000000070c000000, 0x000000070c200000, 0x000000070c200000|100%| E|CS|TAMS 0x000000070c000000| PB 0x000000070c000000| Complete |  0
|  63|0x000000070c200000, 0x000000070c400000, 0x000000070c400000|100%| E|CS|TAMS 0x000000070c200000| PB 0x000000070c200000| Complete |  0
|  64|0x000000070c400000, 0x000000070c600000, 0x000000070c600000|100%| E|CS|TAMS 0x000000070c400000| PB 0x000000070c400000| Complete |  0
|  65|0x000000070c600000, 0x000000070c800000, 0x000000070c800000|100%| E|CS|TAMS 0x000000070c600000| PB 0x000000070c600000| Complete |  0
|  66|0x000000070c800000, 0x000000070ca00000, 0x000000070ca00000|100%| E|CS|TAMS 0x000000070c800000| PB 0x000000070c800000| Complete |  0
|  67|0x000000070ca00000, 0x000000070cc00000, 0x000000070cc00000|100%| E|CS|TAMS 0x000000070ca00000| PB 0x000000070ca00000| Complete |  0
|  68|0x000000070cc00000, 0x000000070ce00000, 0x000000070ce00000|100%| E|CS|TAMS 0x000000070cc00000| PB 0x000000070cc00000| Complete |  0
|  69|0x000000070ce00000, 0x000000070d000000, 0x000000070d000000|100%| E|CS|TAMS 0x000000070ce00000| PB 0x000000070ce00000| Complete |  0
|  70|0x000000070d000000, 0x000000070d200000, 0x000000070d200000|100%| E|CS|TAMS 0x000000070d000000| PB 0x000000070d000000| Complete |  0
|  71|0x000000070d200000, 0x000000070d400000, 0x000000070d400000|100%| E|CS|TAMS 0x000000070d200000| PB 0x000000070d200000| Complete |  0
|  72|0x000000070d400000, 0x000000070d600000, 0x000000070d600000|100%| E|CS|TAMS 0x000000070d400000| PB 0x000000070d400000| Complete |  0
|  73|0x000000070d600000, 0x000000070d800000, 0x000000070d800000|100%| E|CS|TAMS 0x000000070d600000| PB 0x000000070d600000| Complete |  0
|  74|0x000000070d800000, 0x000000070da00000, 0x000000070da00000|100%| E|CS|TAMS 0x000000070d800000| PB 0x000000070d800000| Complete |  0
|  75|0x000000070da00000, 0x000000070dc00000, 0x000000070dc00000|100%| E|CS|TAMS 0x000000070da00000| PB 0x000000070da00000| Complete |  0
|  76|0x000000070dc00000, 0x000000070de00000, 0x000000070de00000|100%| E|CS|TAMS 0x000000070dc00000| PB 0x000000070dc00000| Complete |  0
|  77|0x000000070de00000, 0x000000070e000000, 0x000000070e000000|100%| E|CS|TAMS 0x000000070de00000| PB 0x000000070de00000| Complete |  0
|  78|0x000000070e000000, 0x000000070e200000, 0x000000070e200000|100%| E|CS|TAMS 0x000000070e000000| PB 0x000000070e000000| Complete |  0
|  79|0x000000070e200000, 0x000000070e400000, 0x000000070e400000|100%| E|CS|TAMS 0x000000070e200000| PB 0x000000070e200000| Complete |  0
|  80|0x000000070e400000, 0x000000070e600000, 0x000000070e600000|100%| E|CS|TAMS 0x000000070e400000| PB 0x000000070e400000| Complete |  0
|  81|0x000000070e600000, 0x000000070e800000, 0x000000070e800000|100%| E|CS|TAMS 0x000000070e600000| PB 0x000000070e600000| Complete |  0
|  82|0x000000070e800000, 0x000000070ea00000, 0x000000070ea00000|100%| E|CS|TAMS 0x000000070e800000| PB 0x000000070e800000| Complete |  0
|  83|0x000000070ea00000, 0x000000070ec00000, 0x000000070ec00000|100%| E|CS|TAMS 0x000000070ea00000| PB 0x000000070ea00000| Complete |  0
|  84|0x000000070ec00000, 0x000000070ee00000, 0x000000070ee00000|100%| E|CS|TAMS 0x000000070ec00000| PB 0x000000070ec00000| Complete |  0
|  85|0x000000070ee00000, 0x000000070f000000, 0x000000070f000000|100%| E|CS|TAMS 0x000000070ee00000| PB 0x000000070ee00000| Complete |  0
|  86|0x000000070f000000, 0x000000070f200000, 0x000000070f200000|100%| E|CS|TAMS 0x000000070f000000| PB 0x000000070f000000| Complete |  0
|  87|0x000000070f200000, 0x000000070f400000, 0x000000070f400000|100%| E|CS|TAMS 0x000000070f200000| PB 0x000000070f200000| Complete |  0
|  88|0x000000070f400000, 0x000000070f600000, 0x000000070f600000|100%| E|CS|TAMS 0x000000070f400000| PB 0x000000070f400000| Complete |  0
|  89|0x000000070f600000, 0x000000070f800000, 0x000000070f800000|100%| E|CS|TAMS 0x000000070f600000| PB 0x000000070f600000| Complete |  0
|  90|0x000000070f800000, 0x000000070fa00000, 0x000000070fa00000|100%| E|CS|TAMS 0x000000070f800000| PB 0x000000070f800000| Complete |  0
|  91|0x000000070fa00000, 0x000000070fc00000, 0x000000070fc00000|100%| E|CS|TAMS 0x000000070fa00000| PB 0x000000070fa00000| Complete |  0
|  92|0x000000070fc00000, 0x000000070fe00000, 0x000000070fe00000|100%| E|CS|TAMS 0x000000070fc00000| PB 0x000000070fc00000| Complete |  0
|  93|0x000000070fe00000, 0x0000000710000000, 0x0000000710000000|100%| E|CS|TAMS 0x000000070fe00000| PB 0x000000070fe00000| Complete |  0
|  94|0x0000000710000000, 0x0000000710200000, 0x0000000710200000|100%| E|CS|TAMS 0x0000000710000000| PB 0x0000000710000000| Complete |  0
|  95|0x0000000710200000, 0x0000000710400000, 0x0000000710400000|100%| E|CS|TAMS 0x0000000710200000| PB 0x0000000710200000| Complete |  0
|  96|0x0000000710400000, 0x0000000710600000, 0x0000000710600000|100%| E|CS|TAMS 0x0000000710400000| PB 0x0000000710400000| Complete |  0
|  97|0x0000000710600000, 0x0000000710800000, 0x0000000710800000|100%| E|CS|TAMS 0x0000000710600000| PB 0x0000000710600000| Complete |  0
|  98|0x0000000710800000, 0x0000000710a00000, 0x0000000710a00000|100%| E|CS|TAMS 0x0000000710800000| PB 0x0000000710800000| Complete |  0
|  99|0x0000000710a00000, 0x0000000710c00000, 0x0000000710c00000|100%| E|CS|TAMS 0x0000000710a00000| PB 0x0000000710a00000| Complete |  0
| 100|0x0000000710c00000, 0x0000000710e00000, 0x0000000710e00000|100%| E|CS|TAMS 0x0000000710c00000| PB 0x0000000710c00000| Complete |  0
| 101|0x0000000710e00000, 0x0000000711000000, 0x0000000711000000|100%| E|CS|TAMS 0x0000000710e00000| PB 0x0000000710e00000| Complete |  0
| 102|0x0000000711000000, 0x0000000711200000, 0x0000000711200000|100%| E|CS|TAMS 0x0000000711000000| PB 0x0000000711000000| Complete |  0
| 103|0x0000000711200000, 0x0000000711400000, 0x0000000711400000|100%| E|CS|TAMS 0x0000000711200000| PB 0x0000000711200000| Complete |  0
| 104|0x0000000711400000, 0x0000000711600000, 0x0000000711600000|100%| E|CS|TAMS 0x0000000711400000| PB 0x0000000711400000| Complete |  0
| 105|0x0000000711600000, 0x0000000711800000, 0x0000000711800000|100%| E|CS|TAMS 0x0000000711600000| PB 0x0000000711600000| Complete |  0
| 106|0x0000000711800000, 0x0000000711a00000, 0x0000000711a00000|100%| E|CS|TAMS 0x0000000711800000| PB 0x0000000711800000| Complete |  0
| 107|0x0000000711a00000, 0x0000000711c00000, 0x0000000711c00000|100%| E|CS|TAMS 0x0000000711a00000| PB 0x0000000711a00000| Complete |  0
| 108|0x0000000711c00000, 0x0000000711e00000, 0x0000000711e00000|100%| E|CS|TAMS 0x0000000711c00000| PB 0x0000000711c00000| Complete |  0
| 109|0x0000000711e00000, 0x0000000712000000, 0x0000000712000000|100%| E|CS|TAMS 0x0000000711e00000| PB 0x0000000711e00000| Complete |  0
| 110|0x0000000712000000, 0x0000000712200000, 0x0000000712200000|100%| E|CS|TAMS 0x0000000712000000| PB 0x0000000712000000| Complete |  0
| 111|0x0000000712200000, 0x0000000712400000, 0x0000000712400000|100%| E|CS|TAMS 0x0000000712200000| PB 0x0000000712200000| Complete |  0
| 112|0x0000000712400000, 0x0000000712600000, 0x0000000712600000|100%| E|CS|TAMS 0x0000000712400000| PB 0x0000000712400000| Complete |  0
| 113|0x0000000712600000, 0x0000000712800000, 0x0000000712800000|100%| E|CS|TAMS 0x0000000712600000| PB 0x0000000712600000| Complete |  0
| 114|0x0000000712800000, 0x0000000712a00000, 0x0000000712a00000|100%| E|CS|TAMS 0x0000000712800000| PB 0x0000000712800000| Complete |  0
| 115|0x0000000712a00000, 0x0000000712c00000, 0x0000000712c00000|100%| E|CS|TAMS 0x0000000712a00000| PB 0x0000000712a00000| Complete |  0
| 116|0x0000000712c00000, 0x0000000712e00000, 0x0000000712e00000|100%| E|CS|TAMS 0x0000000712c00000| PB 0x0000000712c00000| Complete |  0
| 117|0x0000000712e00000, 0x0000000713000000, 0x0000000713000000|100%| E|CS|TAMS 0x0000000712e00000| PB 0x0000000712e00000| Complete |  0
| 118|0x0000000713000000, 0x0000000713200000, 0x0000000713200000|100%| E|CS|TAMS 0x0000000713000000| PB 0x0000000713000000| Complete |  0
| 119|0x0000000713200000, 0x0000000713400000, 0x0000000713400000|100%| E|CS|TAMS 0x0000000713200000| PB 0x0000000713200000| Complete |  0
| 120|0x0000000713400000, 0x0000000713600000, 0x0000000713600000|100%| E|CS|TAMS 0x0000000713400000| PB 0x0000000713400000| Complete |  0
| 121|0x0000000713600000, 0x0000000713800000, 0x0000000713800000|100%| E|CS|TAMS 0x0000000713600000| PB 0x0000000713600000| Complete |  0
| 122|0x0000000713800000, 0x0000000713a00000, 0x0000000713a00000|100%| E|CS|TAMS 0x0000000713800000| PB 0x0000000713800000| Complete |  0
| 123|0x0000000713a00000, 0x0000000713c00000, 0x0000000713c00000|100%| E|CS|TAMS 0x0000000713a00000| PB 0x0000000713a00000| Complete |  0
| 124|0x0000000713c00000, 0x0000000713e00000, 0x0000000713e00000|100%| E|CS|TAMS 0x0000000713c00000| PB 0x0000000713c00000| Complete |  0
| 125|0x0000000713e00000, 0x0000000714000000, 0x0000000714000000|100%| E|CS|TAMS 0x0000000713e00000| PB 0x0000000713e00000| Complete |  0

Card table byte_map: [0x0000025cac3e0000,0x0000025cacbc0000] _byte_map_base: 0x0000025ca8bbe000

Marking Bits: (CMBitMap*) 0x0000025c93a727a0
 Bits: [0x0000025cacbc0000, 0x0000025cb0ab0000)

Polling page: 0x0000025c91920000

Metaspace:

Usage:
  Non-class:      1.50 MB used.
      Class:    110.37 KB used.
       Both:      1.61 MB used.

Virtual space:
  Non-class space:       64.00 MB reserved,       1.62 MB (  3%) committed,  1 nodes.
      Class space:        1.00 GB reserved,     192.00 KB ( <1%) committed,  1 nodes.
             Both:        1.06 GB reserved,       1.81 MB ( <1%) committed. 

Chunk freelists:
   Non-Class:  11.93 MB
       Class:  15.72 MB
        Both:  27.66 MB

MaxMetaspaceSize: unlimited
CompressedClassSpaceSize: 1.00 GB
Initial GC threshold: 21.00 MB
Current GC threshold: 21.00 MB
CDS: on
 - commit_granule_bytes: 65536.
 - commit_granule_words: 8192.
 - virtual_space_node_default_size: 8388608.
 - enlarge_chunks_in_place: 1.
 - use_allocation_guard: 0.


Internal statistics:

num_allocs_failed_limit: 0.
num_arena_births: 54.
num_arena_deaths: 0.
num_vsnodes_births: 2.
num_vsnodes_deaths: 0.
num_space_committed: 29.
num_space_uncommitted: 0.
num_chunks_returned_to_freelist: 0.
num_chunks_taken_from_freelist: 66.
num_chunk_merges: 0.
num_chunk_splits: 45.
num_chunks_enlarged: 25.
num_inconsistent_stats: 0.

CodeHeap 'non-profiled nmethods': size=119232Kb used=692Kb max_used=692Kb free=118539Kb
 bounds [0x0000025ca3ce0000, 0x0000025ca3f50000, 0x0000025cab150000]
CodeHeap 'profiled nmethods': size=119104Kb used=1547Kb max_used=1547Kb free=117557Kb
 bounds [0x0000025c9c150000, 0x0000025c9c3c0000, 0x0000025ca35a0000]
CodeHeap 'non-nmethods': size=7424Kb used=1339Kb max_used=3038Kb free=6084Kb
 bounds [0x0000025ca35a0000, 0x0000025ca38a0000, 0x0000025ca3ce0000]
CodeCache: size=245760Kb, used=3578Kb, max_used=5277Kb, free=242180Kb
 total_blobs=1655, nmethods=1201, adapters=360, full_count=0
Compilation: enabled, stopped_count=0, restarted_count=0

Compilation events (20 events):
Event: 175.223 Thread 0x0000025cf502b4e0 nmethod 1190 0x0000025c9c2ce908 code [0x0000025c9c2cea60, 0x0000025c9c2ced18]
Event: 175.223 Thread 0x0000025cf502b4e0 1191       3       jdk.internal.math.FloatToDecimal::toDecimal (186 bytes)
Event: 175.223 Thread 0x0000025cf502b4e0 nmethod 1191 0x0000025c9c2ced88 code [0x0000025c9c2cef40, 0x0000025c9c2cf628]
Event: 175.223 Thread 0x0000025cf502b4e0 1192       3       jdk.internal.math.FloatToDecimal::toChars (111 bytes)
Event: 175.223 Thread 0x0000025cf502b4e0 nmethod 1192 0x0000025c9c2cf688 code [0x0000025c9c2cf860, 0x0000025c9c2cffa8]
Event: 175.223 Thread 0x0000025cf502b4e0 1193       3       jdk.internal.math.MathUtils::flog10pow2 (11 bytes)
Event: 175.223 Thread 0x0000025cf502b4e0 nmethod 1193 0x0000025c9c2d0008 code [0x0000025c9c2d0120, 0x0000025c9c2d0230]
Event: 175.223 Thread 0x0000025cf502b4e0 1195       3       jdk.internal.math.FloatToDecimal::y (20 bytes)
Event: 175.223 Thread 0x0000025cf502b4e0 nmethod 1195 0x0000025c9c2d0308 code [0x0000025c9c2d0420, 0x0000025c9c2d0578]
Event: 175.223 Thread 0x0000025cf502b4e0 1196       3       java.lang.Math::multiplyHigh (86 bytes)
Event: 175.223 Thread 0x0000025cf502b4e0 nmethod 1196 0x0000025c9c2d0608 code [0x0000025c9c2d0720, 0x0000025c9c2d0880]
Event: 175.223 Thread 0x0000025cf502b4e0 1197       3       jdk.internal.math.FloatToDecimal::append (19 bytes)
Event: 175.223 Thread 0x0000025cf502b4e0 nmethod 1197 0x0000025c9c2d0908 code [0x0000025c9c2d0a20, 0x0000025c9c2d0b60]
Event: 175.223 Thread 0x0000025cf502b4e0 1199       3       jdk.internal.math.FloatToDecimal::charsToString (20 bytes)
Event: 175.224 Thread 0x0000025cf502b4e0 nmethod 1199 0x0000025c9c2d0c08 code [0x0000025c9c2d0d20, 0x0000025c9c2d0ee8]
Event: 175.224 Thread 0x0000025cf502b4e0 1200       3       java.lang.String::<init> (128 bytes)
Event: 175.224 Thread 0x0000025cf502b4e0 nmethod 1200 0x0000025c9c2d0f08 code [0x0000025c9c2d10a0, 0x0000025c9c2d1820]
Event: 175.224 Thread 0x0000025cf502b4e0 1201  s    3       com.sun.media.sound.AbstractMixer::close (59 bytes)
Event: 175.224 Thread 0x0000025cf502b4e0 nmethod 1201 0x0000025c9c2d1888 code [0x0000025c9c2d1a80, 0x0000025c9c2d2ba8]
Event: 175.387 Thread 0x0000025cf50268e0 1202       4       java.lang.StringBuilder::toString (20 bytes)

GC Heap History (20 events):
Event: 32.108 GC heap before
{Heap before GC invocations=5 (full 0):
 garbage-first heap   total reserved 4124672K, committed 258048K, used 145642K [0x0000000704400000, 0x0000000800000000)
  region size 2048K, 72 young (147456K), 4 survivors (8192K)
 Metaspace       used 1497K, committed 1664K, reserved 1114112K
  class space    used 101K, committed 192K, reserved 1048576K
}
Event: 32.112 GC heap after
{Heap after GC invocations=6 (full 0):
 garbage-first heap   total reserved 4124672K, committed 258048K, used 8876K [0x0000000704400000, 0x0000000800000000)
  region size 2048K, 5 young (10240K), 5 survivors (10240K)
 Metaspace       used 1497K, committed 1664K, reserved 1114112K
  class space    used 101K, committed 192K, reserved 1048576K
}
Event: 43.074 GC heap before
{Heap before GC invocations=6 (full 0):
 garbage-first heap   total reserved 4124672K, committed 258048K, used 152236K [0x0000000704400000, 0x0000000800000000)
  region size 2048K, 75 young (153600K), 5 survivors (10240K)
 Metaspace       used 1497K, committed 1664K, reserved 1114112K
  class space    used 101K, committed 192K, reserved 1048576K
}
Event: 43.084 GC heap after
{Heap after GC invocations=7 (full 0):
 garbage-first heap   total reserved 4124672K, committed 258048K, used 10723K [0x0000000704400000, 0x0000000800000000)
  region size 2048K, 6 young (12288K), 6 survivors (12288K)
 Metaspace       used 1497K, committed 1664K, reserved 1114112K
  class space    used 101K, committed 192K, reserved 1048576K
}
Event: 53.426 GC heap before
{Heap before GC invocations=7 (full 0):
 garbage-first heap   total reserved 4124672K, committed 258048K, used 152035K [0x0000000704400000, 0x0000000800000000)
  region size 2048K, 75 young (153600K), 6 survivors (12288K)
 Metaspace       used 1498K, committed 1664K, reserved 1114112K
  class space    used 101K, committed 192K, reserved 1048576K
}
Event: 53.431 GC heap after
{Heap after GC invocations=8 (full 0):
 garbage-first heap   total reserved 4124672K, committed 258048K, used 13764K [0x0000000704400000, 0x0000000800000000)
  region size 2048K, 6 young (12288K), 6 survivors (12288K)
 Metaspace       used 1498K, committed 1664K, reserved 1114112K
  class space    used 101K, committed 192K, reserved 1048576K
}
Event: 64.114 GC heap before
{Heap before GC invocations=8 (full 0):
 garbage-first heap   total reserved 4124672K, committed 258048K, used 155076K [0x0000000704400000, 0x0000000800000000)
  region size 2048K, 75 young (153600K), 6 survivors (12288K)
 Metaspace       used 1498K, committed 1664K, reserved 1114112K
  class space    used 101K, committed 192K, reserved 1048576K
}
Event: 64.121 GC heap after
{Heap after GC invocations=9 (full 0):
 garbage-first heap   total reserved 4124672K, committed 258048K, used 16393K [0x0000000704400000, 0x0000000800000000)
  region size 2048K, 7 young (14336K), 7 survivors (14336K)
 Metaspace       used 1498K, committed 1664K, reserved 1114112K
  class space    used 101K, committed 192K, reserved 1048576K
}
Event: 74.548 GC heap before
{Heap before GC invocations=9 (full 0):
 garbage-first heap   total reserved 4124672K, committed 258048K, used 155657K [0x0000000704400000, 0x0000000800000000)
  region size 2048K, 75 young (153600K), 7 survivors (14336K)
 Metaspace       used 1498K, committed 1664K, reserved 1114112K
  class space    used 101K, committed 192K, reserved 1048576K
}
Event: 74.553 GC heap after
{Heap after GC invocations=10 (full 0):
 garbage-first heap   total reserved 4124672K, committed 258048K, used 18389K [0x0000000704400000, 0x0000000800000000)
  region size 2048K, 6 young (12288K), 6 survivors (12288K)
 Metaspace       used 1498K, committed 1664K, reserved 1114112K
  class space    used 101K, committed 192K, reserved 1048576K
}
Event: 86.285 GC heap before
{Heap before GC invocations=10 (full 0):
 garbage-first heap   total reserved 4124672K, committed 258048K, used 159701K [0x0000000704400000, 0x0000000800000000)
  region size 2048K, 75 young (153600K), 6 survivors (12288K)
 Metaspace       used 1498K, committed 1664K, reserved 1114112K
  class space    used 101K, committed 192K, reserved 1048576K
}
Event: 86.290 GC heap after
{Heap after GC invocations=11 (full 0):
 garbage-first heap   total reserved 4124672K, committed 258048K, used 20881K [0x0000000704400000, 0x0000000800000000)
  region size 2048K, 6 young (12288K), 6 survivors (12288K)
 Metaspace       used 1498K, committed 1664K, reserved 1114112K
  class space    used 101K, committed 192K, reserved 1048576K
}
Event: 98.522 GC heap before
{Heap before GC invocations=11 (full 0):
 garbage-first heap   total reserved 4124672K, committed 258048K, used 162193K [0x0000000704400000, 0x0000000800000000)
  region size 2048K, 75 young (153600K), 6 survivors (12288K)
 Metaspace       used 1498K, committed 1664K, reserved 1114112K
  class space    used 101K, committed 192K, reserved 1048576K
}
Event: 98.527 GC heap after
{Heap after GC invocations=12 (full 0):
 garbage-first heap   total reserved 4124672K, committed 258048K, used 23330K [0x0000000704400000, 0x0000000800000000)
  region size 2048K, 6 young (12288K), 6 survivors (12288K)
 Metaspace       used 1498K, committed 1664K, reserved 1114112K
  class space    used 101K, committed 192K, reserved 1048576K
}
Event: 114.821 GC heap before
{Heap before GC invocations=12 (full 0):
 garbage-first heap   total reserved 4124672K, committed 258048K, used 164642K [0x0000000704400000, 0x0000000800000000)
  region size 2048K, 75 young (153600K), 6 survivors (12288K)
 Metaspace       used 1500K, committed 1664K, reserved 1114112K
  class space    used 101K, committed 192K, reserved 1048576K
}
Event: 114.827 GC heap after
{Heap after GC invocations=13 (full 0):
 garbage-first heap   total reserved 4124672K, committed 258048K, used 25652K [0x0000000704400000, 0x0000000800000000)
  region size 2048K, 6 young (12288K), 6 survivors (12288K)
 Metaspace       used 1500K, committed 1664K, reserved 1114112K
  class space    used 101K, committed 192K, reserved 1048576K
}
Event: 139.865 GC heap before
{Heap before GC invocations=13 (full 0):
 garbage-first heap   total reserved 4124672K, committed 258048K, used 166964K [0x0000000704400000, 0x0000000800000000)
  region size 2048K, 75 young (153600K), 6 survivors (12288K)
 Metaspace       used 1500K, committed 1664K, reserved 1114112K
  class space    used 101K, committed 192K, reserved 1048576K
}
Event: 139.885 GC heap after
{Heap after GC invocations=14 (full 0):
 garbage-first heap   total reserved 4124672K, committed 258048K, used 28589K [0x0000000704400000, 0x0000000800000000)
  region size 2048K, 7 young (14336K), 7 survivors (14336K)
 Metaspace       used 1500K, committed 1664K, reserved 1114112K
  class space    used 101K, committed 192K, reserved 1048576K
}
Event: 162.871 GC heap before
{Heap before GC invocations=14 (full 0):
 garbage-first heap   total reserved 4124672K, committed 258048K, used 167853K [0x0000000704400000, 0x0000000800000000)
  region size 2048K, 75 young (153600K), 7 survivors (14336K)
 Metaspace       used 1500K, committed 1664K, reserved 1114112K
  class space    used 101K, committed 192K, reserved 1048576K
}
Event: 162.876 GC heap after
{Heap after GC invocations=15 (full 0):
 garbage-first heap   total reserved 4124672K, committed 258048K, used 30367K [0x0000000704400000, 0x0000000800000000)
  region size 2048K, 6 young (12288K), 6 survivors (12288K)
 Metaspace       used 1500K, committed 1664K, reserved 1114112K
  class space    used 101K, committed 192K, reserved 1048576K
}

Dll operation events (7 events):
Event: 0.006 Loaded shared library D:\Program\JAVA23\bin\java.dll
Event: 0.032 Loaded shared library D:\Program\JAVA23\bin\jsvml.dll
Event: 0.056 Loaded shared library D:\Program\JAVA23\bin\jimage.dll
Event: 0.059 Loaded shared library D:\Program\JAVA23\bin\net.dll
Event: 0.060 Loaded shared library D:\Program\JAVA23\bin\nio.dll
Event: 0.063 Loaded shared library D:\Program\JAVA23\bin\zip.dll
Event: 0.072 Loaded shared library D:\Program\JAVA23\bin\jsound.dll

Deoptimization events (20 events):
Event: 172.864 Thread 0x0000025cf5221aa0 Uncommon trap: trap_request=0xffffffb5 fr.pc=0x0000025ca3d669cc relative=0x000000000000278c
Event: 172.864 Thread 0x0000025cf5221aa0 Uncommon trap: reason=unloaded action=reinterpret pc=0x0000025ca3d669cc method=com.sun.media.sound.AbstractDataLine.open(Ljavax/sound/sampled/AudioFormat;I)V @ 40 c2
Event: 172.864 Thread 0x0000025cf5221aa0 DEOPT PACKING pc=0x0000025ca3d669cc sp=0x000000bc47cff2b0
Event: 172.864 Thread 0x0000025cf5221aa0 DEOPT UNPACKING pc=0x0000025ca35f4402 sp=0x000000bc47cff248 mode 2
Event: 172.865 Thread 0x0000025cf5221aa0 Uncommon trap: trap_request=0xffffff45 fr.pc=0x0000025ca3d0e070 relative=0x00000000000002d0
Event: 172.865 Thread 0x0000025cf5221aa0 Uncommon trap: reason=unstable_if action=reinterpret pc=0x0000025ca3d0e070 method=java.util.Vector.indexOf(Ljava/lang/Object;I)I @ 54 c2
Event: 172.865 Thread 0x0000025cf5221aa0 DEOPT PACKING pc=0x0000025ca3d0e070 sp=0x000000bc47cff0a0
Event: 172.865 Thread 0x0000025cf5221aa0 DEOPT UNPACKING pc=0x0000025ca35f4402 sp=0x000000bc47cff058 mode 2
Event: 172.869 Thread 0x0000025cf5221aa0 DEOPT PACKING pc=0x0000025c9c2ab0eb sp=0x000000bc47cff100
Event: 172.869 Thread 0x0000025cf5221aa0 DEOPT UNPACKING pc=0x0000025ca35f4b22 sp=0x000000bc47cfe598 mode 0
Event: 172.872 Thread 0x0000025cf5221aa0 DEOPT PACKING pc=0x0000025c9c2ab0eb sp=0x000000bc47cff100
Event: 172.872 Thread 0x0000025cf5221aa0 DEOPT UNPACKING pc=0x0000025ca35f4b22 sp=0x000000bc47cfe598 mode 0
Event: 172.876 Thread 0x0000025cf5221aa0 DEOPT PACKING pc=0x0000025c9c2ab0eb sp=0x000000bc47cff100
Event: 172.876 Thread 0x0000025cf5221aa0 DEOPT UNPACKING pc=0x0000025ca35f4b22 sp=0x000000bc47cfe598 mode 0
Event: 172.879 Thread 0x0000025cf5221aa0 DEOPT PACKING pc=0x0000025c9c2ab0eb sp=0x000000bc47cff100
Event: 172.879 Thread 0x0000025cf5221aa0 DEOPT UNPACKING pc=0x0000025ca35f4b22 sp=0x000000bc47cfe598 mode 0
Event: 172.883 Thread 0x0000025cf5221aa0 DEOPT PACKING pc=0x0000025c9c2ab0eb sp=0x000000bc47cff100
Event: 172.883 Thread 0x0000025cf5221aa0 DEOPT UNPACKING pc=0x0000025ca35f4b22 sp=0x000000bc47cfe598 mode 0
Event: 172.886 Thread 0x0000025cf5221aa0 DEOPT PACKING pc=0x0000025c9c2ab0eb sp=0x000000bc47cff100
Event: 172.886 Thread 0x0000025cf5221aa0 DEOPT UNPACKING pc=0x0000025ca35f4b22 sp=0x000000bc47cfe598 mode 0

Classes loaded (20 events):
Event: 0.121 Loading class javax/sound/sampled/BooleanControl$Type
Event: 0.121 Loading class javax/sound/sampled/BooleanControl$Type done
Event: 0.121 Loading class com/sun/media/sound/DirectAudioDevice$DirectDL$Balance
Event: 0.121 Loading class com/sun/media/sound/DirectAudioDevice$DirectDL$Balance done
Event: 0.121 Loading class com/sun/media/sound/DirectAudioDevice$DirectDL$Pan
Event: 0.121 Loading class com/sun/media/sound/DirectAudioDevice$DirectDL$Pan done
Event: 0.121 Loading class javax/sound/sampled/LineEvent
Event: 0.121 Loading class java/util/EventObject
Event: 0.121 Loading class java/util/EventObject done
Event: 0.121 Loading class javax/sound/sampled/LineEvent done
Event: 0.121 Loading class javax/sound/sampled/LineEvent$Type
Event: 0.121 Loading class javax/sound/sampled/LineEvent$Type done
Event: 0.121 Loading class com/sun/media/sound/EventDispatcher
Event: 0.121 Loading class com/sun/media/sound/EventDispatcher done
Event: 0.550 Loading class java/lang/invoke/MethodHandle$1
Event: 0.550 Loading class java/lang/invoke/MethodHandle$1 done
Event: 172.821 Loading class javax/sound/sampled/LineUnavailableException
Event: 172.826 Loading class javax/sound/sampled/LineUnavailableException done
Event: 172.861 Loading class java/util/Formatter$FixedString
Event: 172.862 Loading class java/util/Formatter$FixedString done

Classes unloaded (0 events):
No events

Classes redefined (0 events):
No events

Internal exceptions (0 events):
No events

VM Operations (20 events):
Event: 60.164 Executing VM operation: RendezvousGCThreads
Event: 60.164 Executing VM operation: RendezvousGCThreads done
Event: 64.114 Executing VM operation: G1CollectForAllocation (G1 Evacuation Pause)
Event: 64.121 Executing VM operation: G1CollectForAllocation (G1 Evacuation Pause) done
Event: 74.548 Executing VM operation: G1CollectForAllocation (G1 Evacuation Pause)
Event: 74.553 Executing VM operation: G1CollectForAllocation (G1 Evacuation Pause) done
Event: 86.285 Executing VM operation: G1CollectForAllocation (G1 Evacuation Pause)
Event: 86.290 Executing VM operation: G1CollectForAllocation (G1 Evacuation Pause) done
Event: 98.522 Executing VM operation: G1CollectForAllocation (G1 Evacuation Pause)
Event: 98.527 Executing VM operation: G1CollectForAllocation (G1 Evacuation Pause) done
Event: 114.821 Executing VM operation: G1CollectForAllocation (G1 Evacuation Pause)
Event: 114.827 Executing VM operation: G1CollectForAllocation (G1 Evacuation Pause) done
Event: 120.215 Executing VM operation: HandshakeAllThreads (HandshakeForDeflation)
Event: 120.215 Executing VM operation: HandshakeAllThreads (HandshakeForDeflation) done
Event: 120.215 Executing VM operation: RendezvousGCThreads
Event: 120.215 Executing VM operation: RendezvousGCThreads done
Event: 139.865 Executing VM operation: G1CollectForAllocation (G1 Evacuation Pause)
Event: 139.885 Executing VM operation: G1CollectForAllocation (G1 Evacuation Pause) done
Event: 162.871 Executing VM operation: G1CollectForAllocation (G1 Evacuation Pause)
Event: 162.876 Executing VM operation: G1CollectForAllocation (G1 Evacuation Pause) done

Memory protections (0 events):
No events

Nmethod flushes (0 events):
No events

Events (20 events):
Event: 0.045 Thread 0x0000025c93a0f200 Thread exited: 0x0000025c93a0f200
Event: 0.045 Thread 0x0000025c93a0f200 Thread added: 0x0000025c93a0f200
Event: 0.121 Thread 0x0000025cf5221aa0 Thread added: 0x0000025cf52c82f0
Event: 2.939 Thread 0x0000025cf5096d80 Thread exited: 0x0000025cf5096d80
Event: 3.090 Thread 0x0000025cf50966b0 Thread exited: 0x0000025cf50966b0
Event: 3.091 Thread 0x0000025cf5095240 Thread exited: 0x0000025cf5095240
Event: 5.852 Thread 0x0000025cf50268e0 Thread added: 0x0000025cf5095240
Event: 6.748 Thread 0x0000025cf5095240 Thread exited: 0x0000025cf5095240
Event: 8.799 Thread 0x0000025cf50268e0 Thread added: 0x0000025cf5094b70
Event: 10.603 Thread 0x0000025cf5094b70 Thread exited: 0x0000025cf5094b70
Event: 17.150 Thread 0x0000025cf50268e0 Thread added: 0x0000025cf5094b70
Event: 17.150 Thread 0x0000025cf50268e0 Thread added: 0x0000025cf5095fe0
Event: 17.430 Thread 0x0000025cf5095fe0 Thread exited: 0x0000025cf5095fe0
Event: 17.433 Thread 0x0000025cf5094b70 Thread exited: 0x0000025cf5094b70
Event: 17.507 Thread 0x0000025cf50268e0 Thread added: 0x0000025cf5096d80
Event: 22.290 Thread 0x0000025cf5096d80 Thread exited: 0x0000025cf5096d80
Event: 22.346 Thread 0x0000025cf50268e0 Thread added: 0x0000025cf5095240
Event: 22.346 Thread 0x0000025cf50268e0 Thread added: 0x0000025cf5095fe0
Event: 27.625 Thread 0x0000025cf5095fe0 Thread exited: 0x0000025cf5095fe0
Event: 32.641 Thread 0x0000025cf5095240 Thread exited: 0x0000025cf5095240


Dynamic libraries:
0x00007ff78bf80000 - 0x00007ff78bf90000 	D:\Program\JAVA23\bin\java.exe
0x00007ff8c1480000 - 0x00007ff8c16e3000 	C:\WINDOWS\SYSTEM32\ntdll.dll
0x00007ff8bfc80000 - 0x00007ff8bfd47000 	C:\WINDOWS\System32\KERNEL32.DLL
0x00007ff8be8c0000 - 0x00007ff8bec87000 	C:\WINDOWS\System32\KERNELBASE.dll
0x00007ff8bef30000 - 0x00007ff8bf07c000 	C:\WINDOWS\System32\ucrtbase.dll
0x00007ff8ad310000 - 0x00007ff8ad32b000 	D:\Program\JAVA23\bin\VCRUNTIME140.dll
0x00007ff8a3ad0000 - 0x00007ff8a3ae7000 	D:\Program\JAVA23\bin\jli.dll
0x00007ff8bf880000 - 0x00007ff8bfa49000 	C:\WINDOWS\System32\USER32.dll
0x00007ff8bf290000 - 0x00007ff8bf2b7000 	C:\WINDOWS\System32\win32u.dll
0x00007ff89e9b0000 - 0x00007ff89ec40000 	C:\WINDOWS\WinSxS\amd64_microsoft.windows.common-controls_6595b64144ccf1df_6.0.26100.3037_none_3e09262ce333c378\COMCTL32.dll
0x00007ff8c0a30000 - 0x00007ff8c0a5a000 	C:\WINDOWS\System32\GDI32.dll
0x00007ff8bed50000 - 0x00007ff8bee7b000 	C:\WINDOWS\System32\gdi32full.dll
0x00007ff8bf530000 - 0x00007ff8bf5d9000 	C:\WINDOWS\System32\msvcrt.dll
0x00007ff8bee80000 - 0x00007ff8bef23000 	C:\WINDOWS\System32\msvcp_win.dll
0x00007ff8bf2c0000 - 0x00007ff8bf2ef000 	C:\WINDOWS\System32\IMM32.DLL
0x00007ff8ad300000 - 0x00007ff8ad30c000 	D:\Program\JAVA23\bin\vcruntime140_1.dll
0x00007ff8210b0000 - 0x00007ff82113e000 	D:\Program\JAVA23\bin\msvcp140.dll
0x00007ffff39a0000 - 0x00007ffff46f0000 	D:\Program\JAVA23\bin\server\jvm.dll
0x00007ff8bf300000 - 0x00007ff8bf3b4000 	C:\WINDOWS\System32\ADVAPI32.dll
0x00007ff8bf600000 - 0x00007ff8bf6a6000 	C:\WINDOWS\System32\sechost.dll
0x00007ff8bfa50000 - 0x00007ff8bfb66000 	C:\WINDOWS\System32\RPCRT4.dll
0x00007ff8bf4b0000 - 0x00007ff8bf524000 	C:\WINDOWS\System32\WS2_32.dll
0x00007ff8bd4e0000 - 0x00007ff8bd52e000 	C:\WINDOWS\SYSTEM32\POWRPROF.dll
0x00007ff8aadd0000 - 0x00007ff8aae06000 	C:\WINDOWS\SYSTEM32\WINMM.dll
0x00007ff8acec0000 - 0x00007ff8acecb000 	C:\WINDOWS\SYSTEM32\VERSION.dll
0x00007ff8bd4c0000 - 0x00007ff8bd4d4000 	C:\WINDOWS\SYSTEM32\UMPDC.dll
0x00007ff8bd760000 - 0x00007ff8bd77a000 	C:\WINDOWS\SYSTEM32\kernel.appcore.dll
0x00007ff8a3ac0000 - 0x00007ff8a3aca000 	D:\Program\JAVA23\bin\jimage.dll
0x00007ff8bbfe0000 - 0x00007ff8bc221000 	C:\WINDOWS\SYSTEM32\DBGHELP.DLL
0x00007ff8bfdd0000 - 0x00007ff8c014e000 	C:\WINDOWS\System32\combase.dll
0x00007ff8bf6b0000 - 0x00007ff8bf786000 	C:\WINDOWS\System32\OLEAUT32.dll
0x00007ff894680000 - 0x00007ff8946b9000 	C:\WINDOWS\SYSTEM32\dbgcore.DLL
0x00007ff8be820000 - 0x00007ff8be8b9000 	C:\WINDOWS\System32\bcryptPrimitives.dll
0x00007ff8a2b80000 - 0x00007ff8a2b9e000 	D:\Program\JAVA23\bin\java.dll
0x00007ff8c0b40000 - 0x00007ff8c0cd5000 	C:\WINDOWS\System32\ole32.dll
0x00007ff8c0160000 - 0x00007ff8c0864000 	C:\WINDOWS\System32\SHELL32.dll
0x00007ff8bc580000 - 0x00007ff8bcdb7000 	C:\WINDOWS\SYSTEM32\windows.storage.dll
0x00007ff8bf3c0000 - 0x00007ff8bf4a9000 	C:\WINDOWS\System32\SHCORE.dll
0x00007ff8bf820000 - 0x00007ff8bf87d000 	C:\WINDOWS\System32\shlwapi.dll
0x00007ff8be730000 - 0x00007ff8be75e000 	C:\WINDOWS\SYSTEM32\profapi.dll
0x00007ff8030b0000 - 0x00007ff803187000 	D:\Program\JAVA23\bin\jsvml.dll
0x00007ff8a2f90000 - 0x00007ff8a2fa0000 	D:\Program\JAVA23\bin\net.dll
0x00007ff8bdc70000 - 0x00007ff8bdcda000 	C:\WINDOWS\system32\mswsock.dll
0x00007ff89f960000 - 0x00007ff89f976000 	D:\Program\JAVA23\bin\nio.dll
0x00007ff89e260000 - 0x00007ff89e277000 	D:\Program\JAVA23\bin\zip.dll
0x00007ff897780000 - 0x00007ff897792000 	D:\Program\JAVA23\bin\jsound.dll
0x00007ff889d70000 - 0x00007ff889e04000 	C:\WINDOWS\SYSTEM32\DSOUND.dll
0x00007ff830700000 - 0x00007ff8307b1000 	C:\WINDOWS\SYSTEM32\ResampleDmo.DLL
0x00007ff8963a0000 - 0x00007ff8963d1000 	C:\WINDOWS\SYSTEM32\winmmbase.dll
0x00007ff8b45a0000 - 0x00007ff8b45ae000 	C:\WINDOWS\SYSTEM32\msdmo.dll
0x00007ff8bb120000 - 0x00007ff8bb1cd000 	C:\WINDOWS\system32\uxtheme.dll
0x00007ff8c0ce0000 - 0x00007ff8c0d88000 	C:\WINDOWS\System32\clbcatq.dll
0x00007ff8a7ce0000 - 0x00007ff8a7d72000 	C:\WINDOWS\System32\MMDevApi.dll
0x00007ff8be480000 - 0x00007ff8be4ad000 	C:\WINDOWS\System32\DEVOBJ.dll
0x00007ff8be4b0000 - 0x00007ff8be50f000 	C:\WINDOWS\SYSTEM32\cfgmgr32.dll
0x00007ff89dee0000 - 0x00007ff89df28000 	C:\WINDOWS\SYSTEM32\wdmaud.drv
0x00007ff8a2080000 - 0x00007ff8a223e000 	C:\WINDOWS\SYSTEM32\AUDIOSES.DLL
0x00007ff8b4f00000 - 0x00007ff8b4f0f000 	C:\WINDOWS\SYSTEM32\msacm32.drv
0x00007ff8a0340000 - 0x00007ff8a0361000 	C:\WINDOWS\SYSTEM32\MSACM32.dll
0x00007ff8b4bd0000 - 0x00007ff8b4bdc000 	C:\WINDOWS\SYSTEM32\midimap.dll
0x00007ff8bbdb0000 - 0x00007ff8bbdc4000 	C:\WINDOWS\SYSTEM32\resourcepolicyclient.dll

dbghelp: loaded successfully - version: 4.0.5 - missing functions: none
symbol engine: initialized successfully - sym options: 0x614 - pdb path: .;D:\Program\JAVA23\bin;C:\WINDOWS\SYSTEM32;C:\WINDOWS\WinSxS\amd64_microsoft.windows.common-controls_6595b64144ccf1df_6.0.26100.3037_none_3e09262ce333c378;D:\Program\JAVA23\bin\server

VM Arguments:
jvm_args: --enable-preview -XX:+ShowCodeDetailsInExceptionMessages 
java_command: Dinosaur_test.MusicPlayer
java_class_path (initial): C:\Users\ssydx\AppData\Roaming\Code\User\workspaceStorage\94bff65c65774b49079663fda2170892\redhat.java\jdt_ws\django_wesite_df6049b\bin;d:\Download\Edge\mysql-connector-j-9.2.0\mysql-connector-j-9.2.0.jar
Launcher Type: SUN_STANDARD

[Global flags]
     intx CICompilerCount                          = 12                                        {product} {ergonomic}
     uint ConcGCThreads                            = 4                                         {product} {ergonomic}
     uint G1ConcRefinementThreads                  = 15                                        {product} {ergonomic}
   size_t G1HeapRegionSize                         = 2097152                                   {product} {ergonomic}
   size_t InitialHeapSize                          = 264241152                                 {product} {ergonomic}
   size_t MarkStackSize                            = 4194304                                   {product} {ergonomic}
   size_t MarkStackSizeMax                         = 536870912                                 {product} {ergonomic}
   size_t MaxHeapSize                              = 4223664128                                {product} {ergonomic}
   size_t MaxNewSize                               = 2533359616                                {product} {ergonomic}
   size_t MinHeapDeltaBytes                        = 2097152                                   {product} {ergonomic}
   size_t MinHeapSize                              = 8388608                                   {product} {ergonomic}
    uintx NonNMethodCodeHeapSize                   = 7602176                                {pd product} {ergonomic}
    uintx NonProfiledCodeHeapSize                  = 122093568                              {pd product} {ergonomic}
    uintx ProfiledCodeHeapSize                     = 121962496                              {pd product} {ergonomic}
    uintx ReservedCodeCacheSize                    = 251658240                              {pd product} {ergonomic}
     bool SegmentedCodeCache                       = true                                      {product} {ergonomic}
     bool ShowCodeDetailsInExceptionMessages       = true                                   {manageable} {command line}
   size_t SoftMaxHeapSize                          = 4223664128                             {manageable} {ergonomic}
     bool UseCompressedOops                        = true                           {product lp64_product} {ergonomic}
     bool UseG1GC                                  = true                                      {product} {ergonomic}
     bool UseLargePagesIndividualAllocation        = false                                  {pd product} {ergonomic}

Logging:
Log output configuration:
 #0: stdout all=warning uptime,level,tags foldmultilines=false
 #1: stderr all=off uptime,level,tags foldmultilines=false

Environment Variables:
JAVA_HOME=D:\Program\JAVA23\
CLASSPATH=.;D:\Program\JAVA23\\lib\dt.jar;D:\Program\JAVA23\\lib\tools.jar;
PATH=C:\Program Files\Common Files\Oracle\Java\javapath;C:\Windows\system32;C:\Windows;C:\Windows\System32\Wbem;C:\Windows\System32\WindowsPowerShell\v1.0\;C:\Windows\System32\OpenSSH\;C:\Program Files (x86)\NVIDIA Corporation\PhysX\Common;C:\WINDOWS\system32;C:\WINDOWS;C:\WINDOWS\System32\Wbem;C:\WINDOWS\System32\WindowsPowerShell\v1.0\;C:\WINDOWS\System32\OpenSSH\;C:\Program Files\Common Files\Autodesk Shared\;C:\Program Files\dotnet\;C:\Program Files\Microsoft SQL Server\120\Tools\Binn\;D:\Program\Setup\MySQL\bin;D:\Program\Python3\Scripts;D:\Program\Setup\Git\cmd;C:\Program Files\Vim\vim91;D:\Program\php-8.3.13-Win32-vs16-x64;D:\Program\Setup\heroku\bin;D:\Program\nodejs\;D:\Program\JAVA23\\bin\;D:\Program\JAVA23\\jre\bin\;D:\Program\Python3\Scripts\;D:\Program\Python3\;C:\Users\ssydx\AppData\Local\Microsoft\WindowsApps;D:\Program\Pycharm\PyCharm Community Edition 2020.3.3\bin;C:\Program Files\Vim\vim91;C:\Users\ssydx\AppData\Local\GitHubDesktop\bin;D:\Program\Setup\VSCode\bin;C:\Users\ssydx\AppData\Local\gitkraken\bin;D:\Program\Setup\heroku\bin;C:\Users\ssydx\AppData\Local\Microsoft\WindowsApps;C:\Users\ssydx\AppData\Roaming\npm
USERNAME=ssydx
LANG=zh_CN.UTF-8
OS=Windows_NT
PROCESSOR_IDENTIFIER=Intel64 Family 6 Model 154 Stepping 3, GenuineIntel
TMP=C:\Users\ssydx\AppData\Local\Temp
TEMP=C:\Users\ssydx\AppData\Local\Temp




Periodic native trim disabled

---------------  S Y S T E M  ---------------

OS:
 Windows 11 , 64 bit Build 26100 (10.0.26100.3037)
OS uptime: 3 days 0:40 hours

CPU: total 20 (initial active 20) (10 cores per cpu, 2 threads per core) family 6 model 154 stepping 3 microcode 0x424, cx8, cmov, fxsr, ht, mmx, 3dnowpref, sse, sse2, sse3, ssse3, sse4.1, sse4.2, popcnt, lzcnt, tsc, tscinvbit, avx, avx2, aes, erms, clmul, bmi1, bmi2, adx, sha, fma, vzeroupper, clflush, clflushopt, clwb, serialize, rdtscp, rdpid, fsrm, gfni, f16c, pku, cet_ibt, cet_ss
Processor Information for processor 0
  Max Mhz: 2500, Current Mhz: 2500, Mhz Limit: 2500
Processor Information for processor 1
  Max Mhz: 2500, Current Mhz: 2500, Mhz Limit: 2500
Processor Information for processor 2
  Max Mhz: 2500, Current Mhz: 2500, Mhz Limit: 2500
Processor Information for processor 3
  Max Mhz: 2500, Current Mhz: 2500, Mhz Limit: 2500
Processor Information for processor 4
  Max Mhz: 2500, Current Mhz: 2500, Mhz Limit: 2500
Processor Information for processor 5
  Max Mhz: 2500, Current Mhz: 2500, Mhz Limit: 2500
Processor Information for processor 6
  Max Mhz: 2500, Current Mhz: 2500, Mhz Limit: 2500
Processor Information for processor 7
  Max Mhz: 2500, Current Mhz: 2500, Mhz Limit: 2500
Processor Information for processor 8
  Max Mhz: 2500, Current Mhz: 2500, Mhz Limit: 2500
Processor Information for processor 9
  Max Mhz: 2500, Current Mhz: 2500, Mhz Limit: 2500
Processor Information for processor 10
  Max Mhz: 2500, Current Mhz: 2500, Mhz Limit: 2500
Processor Information for processor 11
  Max Mhz: 2500, Current Mhz: 2500, Mhz Limit: 2500
Processor Information for processor 12
  Max Mhz: 2500, Current Mhz: 1800, Mhz Limit: 1800
Processor Information for processor 13
  Max Mhz: 2500, Current Mhz: 1800, Mhz Limit: 1800
Processor Information for processor 14
  Max Mhz: 2500, Current Mhz: 1800, Mhz Limit: 1800
Processor Information for processor 15
  Max Mhz: 2500, Current Mhz: 1800, Mhz Limit: 1800
Processor Information for processor 16
  Max Mhz: 2500, Current Mhz: 1800, Mhz Limit: 1800
Processor Information for processor 17
  Max Mhz: 2500, Current Mhz: 1800, Mhz Limit: 1800
Processor Information for processor 18
  Max Mhz: 2500, Current Mhz: 1800, Mhz Limit: 1800
Processor Information for processor 19
  Max Mhz: 2500, Current Mhz: 1800, Mhz Limit: 1800

Memory: 4k page, system-wide physical 16108M (85M free)
TotalPageFile size 37298M (AvailPageFile size 0M)
current process WorkingSet (physical memory assigned to process): 7957M, peak: 9524M
current process commit charge ("private bytes"): 18438M, peak: 18438M

vm_info: Java HotSpot(TM) 64-Bit Server VM (23.0.2+7-58) for windows-amd64 JRE (23.0.2+7-58), built on 2024-11-29T09:34:55Z with MS VC++ 17.6 (VS2022)

END.
